<?xml version="1.0" encoding="UTF-8"?>
<!-- Generated by org.testng.reporters.JUnitReportReporter -->
<testsuite hostname="INFOSEUM33" failures="0" tests="4" name="testjava.LoginTest" time="5.380" errors="0" timestamp="2023-08-07T15:58:18 GMT-04:00" skipped="0">
  <testcase classname="testjava.LoginTest" name="validateUrlOfPage" time="0.015">
    <system-out>
      <![CDATA[https://opensource-demo.orangehrmlive.com/web/index.php/auth/login]]>
    </system-out>
  </testcase> <!-- validateUrlOfPage -->
  <testcase classname="testjava.LoginTest" name="validateTitleOfPage" time="0.006"/>
  <testcase classname="testjava.LoginTest" name="validateLoginUsingValidCred" time="5.357"/>
  <testcase classname="testjava.LoginTest" name="validateLoginUsingInvalidCred" time="0.002"/>
  <system-out>
    <![CDATA[https://opensource-demo.orangehrmlive.com/web/index.php/auth/login]]>
  </system-out>
</testsuite> <!-- testjava.LoginTest -->
